INFO:2022-07-11 00:09:50,222:root:Alex is registered in ineuron for course FSDS
INFO:2022-07-11 00:09:50,222:root:Start Registration---------
INFO:2022-07-11 00:09:50,223:root:Student Registered Successfully
INFO:2022-07-11 00:09:50,223:root:----------New Course Creation PProcess Start----------
INFO:2022-07-11 00:09:50,223:root:FSDS is created.
INFO:2022-07-11 00:09:50,223:root:Total courses in ineuron is : 500
INFO:2022-07-11 00:09:50,223:root:--------Start Blog Process----------
INFO:2022-07-11 00:09:50,223:root:------Blog Created Successfully---------
INFO:2022-07-11 00:09:50,223:root:-------------Verification Affiliate Start-------
INFO:2022-07-11 00:09:50,223:root:-------------Verified Successfully-------: Affiliated
INFO:2022-07-11 00:09:50,234:root:-------------Search Job Process Start-------
INFO:2022-07-11 00:09:50,235:root:-------------Data Engineer Big Data ML: Permanent Position are available-------
INFO:2022-07-11 00:09:50,235:root:-------------Search Internships Process Start-------
INFO:2022-07-11 00:09:50,235:root:-------------Data Engineer Big Data ML Internships Position are available-------
INFO:2022-07-11 00:09:50,235:root:For contact us send mail on this mail id support@ineuron.ai, Will get back to you in 48hrs.
INFO:2022-07-11 00:11:16,829:root:Alex is registered in ineuron for course FSDS
INFO:2022-07-11 00:11:52,132:root:Start Registration---------
INFO:2022-07-11 00:11:52,132:root:Student Registered Successfully
INFO:2022-07-11 00:12:46,099:root:----------New Course Creation PProcess Start----------
INFO:2022-07-11 00:12:46,099:root:FSDS is created.
INFO:2022-07-11 00:12:53,614:root:Total courses in ineuron is : 500
INFO:2022-07-11 00:13:49,940:root:Alex is registered in ineuron for course FSDS
INFO:2022-07-11 00:13:49,940:root:Start Registration---------
INFO:2022-07-11 00:13:49,940:root:Student Registered Successfully
INFO:2022-07-11 00:13:49,941:root:----------New Course Creation PProcess Start----------
INFO:2022-07-11 00:13:49,941:root:FSDS is created.
INFO:2022-07-11 00:13:49,941:root:Total courses in ineuron is : 500
INFO:2022-07-11 00:13:49,941:root:--------Start Blog Process----------
INFO:2022-07-11 00:13:49,941:root:------Blog Created Successfully---------
INFO:2022-07-11 00:13:49,941:root:-------------Verification Affiliate Start-------
INFO:2022-07-11 00:13:49,941:root:-------------Verified Successfully-------: Affiliated
INFO:2022-07-11 00:13:49,942:root:-------------Search Job Process Start-------
INFO:2022-07-11 00:13:49,942:root:-------------Data Engineer Big Data ML: Permanent Position are available-------
INFO:2022-07-11 00:13:49,942:root:-------------Search Internships Process Start-------
INFO:2022-07-11 00:13:49,942:root:-------------Data Engineer Big Data ML Internships Position are available-------
INFO:2022-07-11 00:13:49,942:root:For contact us send mail on this mail id support@ineuron.ai, Will get back to you in 48hrs.
